{"logLevel":"debug","message":"multithreading is set to false"}
{"logLevel":"debug","message":"Using reflection to scan dependencies for gauge implementations..."}
log4j:WARN No appenders could be found for logger (io.grpc.netty.shaded.io.netty.util.internal.logging.InternalLoggerFactory).
log4j:WARN Please initialize the log4j system properly.
log4j:WARN See http://logging.apache.org/log4j/1.2/faq.html#noconfig for more info.
{"logLevel":"debug","message":"gauge-java took 1029milliseconds to load and scan. This should be less than 'runner_connection_timeout' config value."}
{"logLevel":"debug","message":"run 'gauge config runner_connection_timeout' and verify that it is < 1029"}
{"logLevel":"debug","message":"starting gRPC server..."}
{"logLevel":"debug","message":"started gRPC server on port 64118"}
{"logLevel":"info","message":"Listening on port:64118"}
{"logLevel":"debug","message":"Scanning packages for steps"}
{"logLevel":"debug","message":"Comparing 'StepImplementation.checkWritten' and 'StepImplementation.checkWritten'"}
{"logLevel":"debug","message":"Found {} li elementin içinde Favori Ürününüz Yok yazıyor mu? in current project scope."}
{"logLevel":"debug","message":"Comparing 'StepImplementation.hover' and 'StepImplementation.hover'"}
{"logLevel":"debug","message":"Found {} li elementin üzerine gelip menüden {} li elemente tıklama in current project scope."}
{"logLevel":"debug","message":"Comparing 'StepImplementation.addToFav' and 'StepImplementation.addToFav'"}
{"logLevel":"debug","message":"Found {} li listeden ilk 3 ürünü favorilere ekle in current project scope."}
{"logLevel":"debug","message":"Comparing 'StepImplementation.hoverOver' and 'StepImplementation.hoverOver'"}
{"logLevel":"debug","message":"Found {} li elementin üzerine gelip tıklayarak menüden {} li elemente tıklama in current project scope."}
{"logLevel":"debug","message":"Comparing 'StepImplementation.clickOnce' and 'StepImplementation.clickOnce'"}
{"logLevel":"debug","message":"Found {} li elemente tıkla in current project scope."}
{"logLevel":"debug","message":"Comparing 'StepImplementation.listCheckControl' and 'StepImplementation.listCheckControl'"}
{"logLevel":"debug","message":"Found {} li listede 3 eleman da seçildi mı? in current project scope."}
{"logLevel":"debug","message":"Comparing 'StepImplementation.checkOrder' and 'StepImplementation.checkOrder'"}
{"logLevel":"debug","message":"Found {} li listenin sıralamasını kontrol et in current project scope."}
{"logLevel":"debug","message":"Comparing 'StepImplementation.pageControl' and 'StepImplementation.pageControl'"}
{"logLevel":"debug","message":"Found {} li ve {} isimli sayfa açık mı in current project scope."}
{"logLevel":"debug","message":"Comparing 'StepImplementation.listControl' and 'StepImplementation.listControl'"}
{"logLevel":"debug","message":"Found {} li listede 3 eleman var mı? in current project scope."}
{"logLevel":"debug","message":"Scanning packages for hooks"}
{"logLevel":"debug","message":"Scanned steps (using static parsing + reflections): "}
{"logLevel":"debug","message":"\t{} li elemente tıkla : public void clickOnce(String xpath)"}
{"logLevel":"debug","message":"\t{} li elementin üzerine gelip menüden {} li elemente tıklama : public void hover(String xpath1, String xpath2) throws InterruptedException"}
{"logLevel":"debug","message":"\t{} li ve {} isimli sayfa açık mı : public void pageControl(String url, String name)"}
{"logLevel":"debug","message":"\t{} li elementin üzerine gelip tıklayarak menüden {} li elemente tıklama : public void hoverOver(String xpath1, String xpath2) throws InterruptedException"}
{"logLevel":"debug","message":"\t{} li listeden ilk 3 ürünü favorilere ekle : public void addToFav(String xpath) throws InterruptedException"}
{"logLevel":"debug","message":"\t{} li listenin sıralamasını kontrol et : public void checkOrder(String xpath)"}
{"logLevel":"debug","message":"\t{} li listede 3 eleman da seçildi mı? : public void listCheckControl(String xpath)"}
{"logLevel":"debug","message":"\t{} li elementin içinde Favori Ürününüz Yok yazıyor mu? : public void checkWritten(String xpath) throws InterruptedException"}
{"logLevel":"debug","message":"\t{} li listede 3 eleman var mı? : public void listControl(String xpath)"}
Starting ChromeDriver 92.0.4515.43 (8c61b7e2989f2990d42f859cac71319137787cce-refs/branch-heads/4515@{#306}) on port 15721
Only local connections are allowed.
Please see https://chromedriver.chromium.org/security-considerations for suggestions on keeping ChromeDriver safe.
ChromeDriver was started successfully.
Tem 25, 2021 1:07:12 PM org.openqa.selenium.remote.ProtocolHandshake createSession
INFO: Detected dialect: W3C
{"logLevel":"debug","message":"Executing '{} li elemente tıkla' using 'class StepImplementation.clickOnce"}
{"logLevel":"debug","message":"Executing '{} li ve {} isimli sayfa açık mı' using 'class StepImplementation.pageControl"}
{"logLevel":"info","message":"Anasayfa isimli sayfadasınız"}
{"logLevel":"debug","message":"Executing '{} li elementin üzerine gelip menüden {} li elemente tıklama' using 'class StepImplementation.hover"}
{"logLevel":"debug","message":"Executing '{} li ve {} isimli sayfa açık mı' using 'class StepImplementation.pageControl"}
{"logLevel":"info","message":"Erkek Gömlek isimli sayfadasınız"}
{"logLevel":"debug","message":"Executing '{} li elementin üzerine gelip tıklayarak menüden {} li elemente tıklama' using 'class StepImplementation.hoverOver"}
{"logLevel":"debug","message":"Executing '{} li listenin sıralamasını kontrol et' using 'class StepImplementation.checkOrder"}
{"logLevel":"debug","message":"Killing Java runner..."}
{"logLevel":"debug","message":"Stopping execution pool..."}
{"logLevel":"debug","message":"Shutting down grpc server..."}
{"logLevel":"debug","message":"Runner killed gracefully."}
