{"logLevel":"debug","message":"multithreading is set to false"}
{"logLevel":"debug","message":"Using reflection to scan dependencies for gauge implementations..."}
log4j:WARN No appenders could be found for logger (io.grpc.netty.shaded.io.netty.util.internal.logging.InternalLoggerFactory).
log4j:WARN Please initialize the log4j system properly.
log4j:WARN See http://logging.apache.org/log4j/1.2/faq.html#noconfig for more info.
{"logLevel":"debug","message":"gauge-java took 946milliseconds to load and scan. This should be less than 'runner_connection_timeout' config value."}
{"logLevel":"debug","message":"run 'gauge config runner_connection_timeout' and verify that it is < 946"}
{"logLevel":"debug","message":"starting gRPC server..."}
{"logLevel":"debug","message":"started gRPC server on port 54413"}
{"logLevel":"info","message":"Listening on port:54413"}
{"logLevel":"debug","message":"Scanning packages for steps"}
{"logLevel":"debug","message":"Comparing 'StepImplementation.wait' and 'StepImplementation.wait'"}
{"logLevel":"debug","message":"Found {} saniye bekle in current project scope."}
{"logLevel":"debug","message":"Comparing 'StepImplementation.hover' and 'StepImplementation.hover'"}
{"logLevel":"debug","message":"Found {} xPath li elementin üzerine gelip menüden {} li elemente tıklama in current project scope."}
{"logLevel":"debug","message":"Comparing 'StepImplementation.addToFav' and 'StepImplementation.addToFav'"}
{"logLevel":"debug","message":"Found {} xPath li listeden ilk 3 ürünü favorilere ekle in current project scope."}
{"logLevel":"debug","message":"Comparing 'StepImplementation.checkPrice' and 'StepImplementation.checkPrice'"}
{"logLevel":"debug","message":"Found {} xPath li listenin sıralamasını kontrol et in current project scope."}
{"logLevel":"debug","message":"Comparing 'StepImplementation.checkProduct' and 'StepImplementation.checkProduct'"}
{"logLevel":"debug","message":"Found {} elementin içinde Favori Ürününüz Yok yazıyor mu? in current project scope."}
{"logLevel":"debug","message":"Comparing 'StepImplementation.clickXpath' and 'StepImplementation.clickXpath'"}
{"logLevel":"debug","message":"Found {} xPath li elemente tıkla in current project scope."}
{"logLevel":"debug","message":"Comparing 'StepImplementation.listCheckControl' and 'StepImplementation.listCheckControl'"}
{"logLevel":"debug","message":"Found {} xPath li listede 3 eleman da seçildi mı? in current project scope."}
{"logLevel":"debug","message":"Comparing 'StepImplementation.pageControl' and 'StepImplementation.pageControl'"}
{"logLevel":"debug","message":"Found {} li ve {} isimli sayfa kontrolü yapılır in current project scope."}
{"logLevel":"debug","message":"Comparing 'StepImplementation.listControl' and 'StepImplementation.listControl'"}
{"logLevel":"debug","message":"Found {} li listede 3 eleman var mı? in current project scope."}
{"logLevel":"debug","message":"Comparing 'StepImplementation.clickCss' and 'StepImplementation.clickCss'"}
{"logLevel":"debug","message":"Found {} css li elemente tıkla in current project scope."}
{"logLevel":"debug","message":"Scanning packages for hooks"}
{"logLevel":"debug","message":"Scanned steps (using static parsing + reflections): "}
{"logLevel":"debug","message":"\t{} xPath li elemente tıkla : public void clickXpath(String key)"}
{"logLevel":"debug","message":"\t{} xPath li elementin üzerine gelip menüden {} li elemente tıklama : public void hover(String key1, String key2) throws InterruptedException"}
{"logLevel":"debug","message":"\t{} saniye bekle : public void wait(ınt number) throws InterruptedException"}
{"logLevel":"debug","message":"\t{} css li elemente tıkla : public void clickCss(String key)"}
{"logLevel":"debug","message":"\t{} li ve {} isimli sayfa kontrolü yapılır : public void pageControl(String url, String name)"}
{"logLevel":"debug","message":"\t{} xPath li listede 3 eleman da seçildi mı? : public void listCheckControl(String key)"}
{"logLevel":"debug","message":"\t{} xPath li listenin sıralamasını kontrol et : public void checkPrice(String key)"}
{"logLevel":"debug","message":"\t{} xPath li listeden ilk 3 ürünü favorilere ekle : public void addToFav(String key) throws InterruptedException"}
{"logLevel":"debug","message":"\t{} elementin içinde Favori Ürününüz Yok yazıyor mu? : public void checkProduct(String key) throws InterruptedException"}
{"logLevel":"debug","message":"\t{} li listede 3 eleman var mı? : public void listControl(String key)"}
Starting ChromeDriver 92.0.4515.43 (8c61b7e2989f2990d42f859cac71319137787cce-refs/branch-heads/4515@{#306}) on port 23101
Only local connections are allowed.
Please see https://chromedriver.chromium.org/security-considerations for suggestions on keeping ChromeDriver safe.
ChromeDriver was started successfully.
Tem 26, 2021 1:57:33 PM org.openqa.selenium.remote.ProtocolHandshake createSession
INFO: Detected dialect: W3C
{"logLevel":"debug","message":"Executing '{} saniye bekle' using 'class StepImplementation.wait"}
{"logLevel":"debug","message":"Executing '{} xPath li elemente tıkla' using 'class StepImplementation.clickXpath"}
{"logLevel":"debug","message":"Executing '{} li ve {} isimli sayfa kontrolü yapılır' using 'class StepImplementation.pageControl"}
{"logLevel":"info","message":"Anasayfa isimli sayfadasınız"}
{"logLevel":"debug","message":"Executing '{} saniye bekle' using 'class StepImplementation.wait"}
{"logLevel":"debug","message":"Executing '{} xPath li elementin üzerine gelip menüden {} li elemente tıklama' using 'class StepImplementation.hover"}
{"logLevel":"debug","message":"Executing '{} li ve {} isimli sayfa kontrolü yapılır' using 'class StepImplementation.pageControl"}
{"logLevel":"info","message":"Erkek Gömlek isimli sayfadasınız"}
{"logLevel":"debug","message":"Executing '{} xPath li elemente tıkla' using 'class StepImplementation.clickXpath"}
{"logLevel":"debug","message":"Executing '{} saniye bekle' using 'class StepImplementation.wait"}
{"logLevel":"debug","message":"Executing '{} css li elemente tıkla' using 'class StepImplementation.clickCss"}
{"logLevel":"debug","message":"Executing '{} saniye bekle' using 'class StepImplementation.wait"}
{"logLevel":"debug","message":"Executing '{} xPath li listenin sıralamasını kontrol et' using 'class StepImplementation.checkPrice"}
{"logLevel":"info","message":"Sıralama, En Yüksek Fiyattan olarak seçilmiştir"}
{"logLevel":"debug","message":"Executing '{} saniye bekle' using 'class StepImplementation.wait"}
{"logLevel":"debug","message":"Killing Java runner..."}
{"logLevel":"debug","message":"Stopping execution pool..."}
{"logLevel":"debug","message":"Shutting down grpc server..."}
{"logLevel":"debug","message":"Runner killed gracefully."}
